<?xml version="1.0" encoding="UTF-8"?>
<coverage generated="1756285655">
  <project timestamp="1756285655" name="Clover Coverage">
    <package name="MulerTech\Collections">
      <file name="/var/www/html/src/Collection.php">
        <class name="MulerTech\Collections\Collection" namespace="MulerTech\Collections">
          <metrics complexity="94" methods="89" coveredmethods="89" conditionals="0" coveredconditionals="0" statements="152" coveredstatements="152" elements="241" coveredelements="241"/>
        </class>
        <line num="25" type="method" name="__construct" visibility="public" complexity="1" crap="1" count="90"/>
        <line num="27" type="stmt" count="90"/>
        <line num="33" type="method" name="all" visibility="public" complexity="1" crap="1" count="1"/>
        <line num="35" type="stmt" count="1"/>
        <line num="42" type="method" name="any" visibility="public" complexity="1" crap="1" count="1"/>
        <line num="44" type="stmt" count="1"/>
        <line num="51" type="method" name="arsort" visibility="public" complexity="1" crap="1" count="1"/>
        <line num="53" type="stmt" count="1"/>
        <line num="60" type="method" name="asort" visibility="public" complexity="1" crap="1" count="1"/>
        <line num="62" type="stmt" count="1"/>
        <line num="69" type="method" name="changeKeyCase" visibility="public" complexity="1" crap="1" count="1"/>
        <line num="71" type="stmt" count="1"/>
        <line num="79" type="method" name="chunk" visibility="public" complexity="2" crap="2" count="1"/>
        <line num="81" type="stmt" count="1"/>
        <line num="82" type="stmt" count="1"/>
        <line num="85" type="stmt" count="1"/>
        <line num="87" type="stmt" count="1"/>
        <line num="88" type="stmt" count="1"/>
        <line num="89" type="stmt" count="1"/>
        <line num="90" type="stmt" count="1"/>
        <line num="91" type="stmt" count="1"/>
        <line num="92" type="stmt" count="1"/>
        <line num="100" type="method" name="column" visibility="public" complexity="1" crap="1" count="1"/>
        <line num="102" type="stmt" count="1"/>
        <line num="104" type="stmt" count="1"/>
        <line num="111" type="method" name="combine" visibility="public" complexity="1" crap="1" count="1"/>
        <line num="113" type="stmt" count="1"/>
        <line num="114" type="stmt" count="1"/>
        <line num="121" type="method" name="contains" visibility="public" complexity="1" crap="1" count="2"/>
        <line num="123" type="stmt" count="2"/>
        <line num="129" type="method" name="count" visibility="public" complexity="1" crap="1" count="2"/>
        <line num="131" type="stmt" count="2"/>
        <line num="137" type="method" name="countValues" visibility="public" complexity="1" crap="1" count="1"/>
        <line num="139" type="stmt" count="1"/>
        <line num="145" type="method" name="current" visibility="public" complexity="1" crap="1" count="1"/>
        <line num="147" type="stmt" count="1"/>
        <line num="154" type="method" name="diff" visibility="public" complexity="1" crap="1" count="1"/>
        <line num="156" type="stmt" count="1"/>
        <line num="157" type="stmt" count="1"/>
        <line num="158" type="stmt" count="1"/>
        <line num="165" type="method" name="diffAssoc" visibility="public" complexity="1" crap="1" count="1"/>
        <line num="167" type="stmt" count="1"/>
        <line num="168" type="stmt" count="1"/>
        <line num="169" type="stmt" count="1"/>
        <line num="170" type="stmt" count="1"/>
        <line num="171" type="stmt" count="1"/>
        <line num="172" type="stmt" count="1"/>
        <line num="179" type="method" name="diffKey" visibility="public" complexity="1" crap="1" count="1"/>
        <line num="181" type="stmt" count="1"/>
        <line num="182" type="stmt" count="1"/>
        <line num="183" type="stmt" count="1"/>
        <line num="184" type="stmt" count="1"/>
        <line num="185" type="stmt" count="1"/>
        <line num="186" type="stmt" count="1"/>
        <line num="194" type="method" name="diffUassoc" visibility="public" complexity="1" crap="1" count="1"/>
        <line num="196" type="stmt" count="1"/>
        <line num="204" type="method" name="diffUkey" visibility="public" complexity="1" crap="1" count="1"/>
        <line num="206" type="stmt" count="1"/>
        <line num="212" type="method" name="end" visibility="public" complexity="1" crap="1" count="1"/>
        <line num="214" type="stmt" count="1"/>
        <line num="222" type="method" name="extract" visibility="public" complexity="1" crap="1" count="1"/>
        <line num="224" type="stmt" count="1"/>
        <line num="233" type="method" name="fill" visibility="public" complexity="1" crap="1" count="1"/>
        <line num="235" type="stmt" count="1"/>
        <line num="243" type="method" name="fillKeys" visibility="public" complexity="1" crap="1" count="1"/>
        <line num="245" type="stmt" count="1"/>
        <line num="253" type="method" name="filter" visibility="public" complexity="1" crap="1" count="1"/>
        <line num="255" type="stmt" count="1"/>
        <line num="262" type="method" name="find" visibility="public" complexity="1" crap="1" count="1"/>
        <line num="264" type="stmt" count="1"/>
        <line num="271" type="method" name="findKey" visibility="public" complexity="1" crap="1" count="1"/>
        <line num="273" type="stmt" count="1"/>
        <line num="279" type="method" name="flip" visibility="public" complexity="1" crap="1" count="1"/>
        <line num="281" type="stmt" count="1"/>
        <line num="284" type="method" name="getIterator" visibility="public" complexity="1" crap="1" count="1"/>
        <line num="286" type="stmt" count="1"/>
        <line num="294" type="method" name="inArray" visibility="public" complexity="1" crap="1" count="1"/>
        <line num="296" type="stmt" count="1"/>
        <line num="303" type="method" name="intersect" visibility="public" complexity="1" crap="1" count="1"/>
        <line num="305" type="stmt" count="1"/>
        <line num="306" type="stmt" count="1"/>
        <line num="307" type="stmt" count="1"/>
        <line num="308" type="stmt" count="1"/>
        <line num="309" type="stmt" count="1"/>
        <line num="310" type="stmt" count="1"/>
        <line num="317" type="method" name="intersectAssoc" visibility="public" complexity="1" crap="1" count="1"/>
        <line num="319" type="stmt" count="1"/>
        <line num="320" type="stmt" count="1"/>
        <line num="321" type="stmt" count="1"/>
        <line num="322" type="stmt" count="1"/>
        <line num="323" type="stmt" count="1"/>
        <line num="324" type="stmt" count="1"/>
        <line num="331" type="method" name="intersectKey" visibility="public" complexity="1" crap="1" count="1"/>
        <line num="333" type="stmt" count="1"/>
        <line num="334" type="stmt" count="1"/>
        <line num="335" type="stmt" count="1"/>
        <line num="336" type="stmt" count="1"/>
        <line num="337" type="stmt" count="1"/>
        <line num="338" type="stmt" count="1"/>
        <line num="346" type="method" name="intersectUassoc" visibility="public" complexity="1" crap="1" count="1"/>
        <line num="348" type="stmt" count="1"/>
        <line num="356" type="method" name="intersectUkey" visibility="public" complexity="1" crap="1" count="1"/>
        <line num="358" type="stmt" count="1"/>
        <line num="364" type="method" name="isList" visibility="public" complexity="1" crap="1" count="1"/>
        <line num="366" type="stmt" count="1"/>
        <line num="372" type="method" name="items" visibility="public" complexity="1" crap="1" count="62"/>
        <line num="374" type="stmt" count="62"/>
        <line num="380" type="method" name="key" visibility="public" complexity="1" crap="1" count="1"/>
        <line num="382" type="stmt" count="1"/>
        <line num="389" type="method" name="keyExists" visibility="public" complexity="1" crap="1" count="1"/>
        <line num="391" type="stmt" count="1"/>
        <line num="397" type="method" name="keyFirst" visibility="public" complexity="1" crap="1" count="1"/>
        <line num="399" type="stmt" count="1"/>
        <line num="405" type="method" name="keyLast" visibility="public" complexity="1" crap="1" count="1"/>
        <line num="407" type="stmt" count="1"/>
        <line num="415" type="method" name="keys" visibility="public" complexity="2" crap="2" count="1"/>
        <line num="417" type="stmt" count="1"/>
        <line num="418" type="stmt" count="1"/>
        <line num="421" type="stmt" count="1"/>
        <line num="428" type="method" name="krsort" visibility="public" complexity="1" crap="1" count="1"/>
        <line num="430" type="stmt" count="1"/>
        <line num="437" type="method" name="ksort" visibility="public" complexity="1" crap="1" count="1"/>
        <line num="439" type="stmt" count="1"/>
        <line num="447" type="method" name="map" visibility="public" complexity="1" crap="1" count="1"/>
        <line num="449" type="stmt" count="1"/>
        <line num="450" type="stmt" count="1"/>
        <line num="451" type="stmt" count="1"/>
        <line num="452" type="stmt" count="1"/>
        <line num="453" type="stmt" count="1"/>
        <line num="460" type="method" name="merge" visibility="public" complexity="1" crap="1" count="1"/>
        <line num="462" type="stmt" count="1"/>
        <line num="463" type="stmt" count="1"/>
        <line num="464" type="stmt" count="1"/>
        <line num="465" type="stmt" count="1"/>
        <line num="472" type="method" name="mergeRecursive" visibility="public" complexity="1" crap="1" count="1"/>
        <line num="474" type="stmt" count="1"/>
        <line num="475" type="stmt" count="1"/>
        <line num="476" type="stmt" count="1"/>
        <line num="477" type="stmt" count="1"/>
        <line num="486" type="method" name="multisort" visibility="public" complexity="1" crap="1" count="1"/>
        <line num="488" type="stmt" count="1"/>
        <line num="494" type="method" name="natcasesort" visibility="public" complexity="1" crap="1" count="1"/>
        <line num="496" type="stmt" count="1"/>
        <line num="502" type="method" name="natsort" visibility="public" complexity="1" crap="1" count="1"/>
        <line num="504" type="stmt" count="1"/>
        <line num="510" type="method" name="next" visibility="public" complexity="1" crap="1" count="3"/>
        <line num="512" type="stmt" count="3"/>
        <line num="519" type="method" name="offsetExists" visibility="public" complexity="1" crap="1" count="1"/>
        <line num="521" type="stmt" count="1"/>
        <line num="528" type="method" name="offsetGet" visibility="public" complexity="1" crap="1" count="1"/>
        <line num="530" type="stmt" count="1"/>
        <line num="538" type="method" name="offsetSet" visibility="public" complexity="2" crap="2" count="1"/>
        <line num="540" type="stmt" count="1"/>
        <line num="541" type="stmt" count="1"/>
        <line num="543" type="stmt" count="1"/>
        <line num="551" type="method" name="offsetUnset" visibility="public" complexity="1" crap="1" count="1"/>
        <line num="553" type="stmt" count="1"/>
        <line num="561" type="method" name="pad" visibility="public" complexity="1" crap="1" count="1"/>
        <line num="563" type="stmt" count="1"/>
        <line num="569" type="method" name="pop" visibility="public" complexity="1" crap="1" count="1"/>
        <line num="571" type="stmt" count="1"/>
        <line num="577" type="method" name="prev" visibility="public" complexity="1" crap="1" count="1"/>
        <line num="579" type="stmt" count="1"/>
        <line num="585" type="method" name="product" visibility="public" complexity="1" crap="1" count="1"/>
        <line num="587" type="stmt" count="1"/>
        <line num="594" type="method" name="push" visibility="public" complexity="1" crap="1" count="1"/>
        <line num="596" type="stmt" count="1"/>
        <line num="603" type="method" name="rand" visibility="public" complexity="1" crap="1" count="1"/>
        <line num="605" type="stmt" count="1"/>
        <line num="614" type="method" name="range" visibility="public" complexity="1" crap="1" count="1"/>
        <line num="616" type="stmt" count="1"/>
        <line num="624" type="method" name="reduce" visibility="public" complexity="1" crap="1" count="1"/>
        <line num="626" type="stmt" count="1"/>
        <line num="633" type="method" name="remove" visibility="public" complexity="2" crap="2" count="1"/>
        <line num="635" type="stmt" count="1"/>
        <line num="636" type="stmt" count="1"/>
        <line num="639" type="stmt" count="1"/>
        <line num="647" type="method" name="removeItem" visibility="public" complexity="2" crap="2" count="1"/>
        <line num="649" type="stmt" count="1"/>
        <line num="651" type="stmt" count="1"/>
        <line num="652" type="stmt" count="1"/>
        <line num="655" type="stmt" count="1"/>
        <line num="656" type="stmt" count="1"/>
        <line num="663" type="method" name="replace" visibility="public" complexity="1" crap="1" count="1"/>
        <line num="665" type="stmt" count="1"/>
        <line num="666" type="stmt" count="1"/>
        <line num="667" type="stmt" count="1"/>
        <line num="668" type="stmt" count="1"/>
        <line num="675" type="method" name="replaceRecursive" visibility="public" complexity="1" crap="1" count="1"/>
        <line num="677" type="stmt" count="1"/>
        <line num="678" type="stmt" count="1"/>
        <line num="679" type="stmt" count="1"/>
        <line num="680" type="stmt" count="1"/>
        <line num="686" type="method" name="reset" visibility="public" complexity="1" crap="1" count="1"/>
        <line num="688" type="stmt" count="1"/>
        <line num="695" type="method" name="reverse" visibility="public" complexity="1" crap="1" count="1"/>
        <line num="697" type="stmt" count="1"/>
        <line num="704" type="method" name="rsort" visibility="public" complexity="1" crap="1" count="1"/>
        <line num="706" type="stmt" count="1"/>
        <line num="714" type="method" name="search" visibility="public" complexity="1" crap="1" count="1"/>
        <line num="716" type="stmt" count="1"/>
        <line num="722" type="method" name="shift" visibility="public" complexity="1" crap="1" count="1"/>
        <line num="724" type="stmt" count="1"/>
        <line num="730" type="method" name="shuffle" visibility="public" complexity="1" crap="1" count="1"/>
        <line num="732" type="stmt" count="1"/>
        <line num="741" type="method" name="slice" visibility="public" complexity="1" crap="1" count="1"/>
        <line num="743" type="stmt" count="1"/>
        <line num="750" type="method" name="sort" visibility="public" complexity="1" crap="1" count="1"/>
        <line num="752" type="stmt" count="1"/>
        <line num="761" type="method" name="splice" visibility="public" complexity="1" crap="1" count="1"/>
        <line num="763" type="stmt" count="1"/>
        <line num="769" type="method" name="sum" visibility="public" complexity="1" crap="1" count="1"/>
        <line num="771" type="stmt" count="1"/>
        <line num="778" type="method" name="uasort" visibility="public" complexity="1" crap="1" count="1"/>
        <line num="780" type="stmt" count="1"/>
        <line num="788" type="method" name="udiff" visibility="public" complexity="1" crap="1" count="1"/>
        <line num="790" type="stmt" count="1"/>
        <line num="798" type="method" name="udiffAssoc" visibility="public" complexity="1" crap="1" count="1"/>
        <line num="800" type="stmt" count="1"/>
        <line num="809" type="method" name="udiffUassoc" visibility="public" complexity="1" crap="1" count="1"/>
        <line num="811" type="stmt" count="1"/>
        <line num="819" type="method" name="uintersect" visibility="public" complexity="1" crap="1" count="1"/>
        <line num="821" type="stmt" count="1"/>
        <line num="829" type="method" name="uintersectAssoc" visibility="public" complexity="1" crap="1" count="1"/>
        <line num="831" type="stmt" count="1"/>
        <line num="840" type="method" name="uintersectUassoc" visibility="public" complexity="1" crap="1" count="1"/>
        <line num="842" type="stmt" count="1"/>
        <line num="849" type="method" name="uksort" visibility="public" complexity="1" crap="1" count="1"/>
        <line num="851" type="stmt" count="1"/>
        <line num="858" type="method" name="unique" visibility="public" complexity="1" crap="1" count="1"/>
        <line num="860" type="stmt" count="1"/>
        <line num="867" type="method" name="unshift" visibility="public" complexity="1" crap="1" count="1"/>
        <line num="869" type="stmt" count="1"/>
        <line num="876" type="method" name="usort" visibility="public" complexity="1" crap="1" count="1"/>
        <line num="878" type="stmt" count="1"/>
        <line num="884" type="method" name="values" visibility="public" complexity="1" crap="1" count="1"/>
        <line num="886" type="stmt" count="1"/>
        <line num="894" type="method" name="walk" visibility="public" complexity="1" crap="1" count="1"/>
        <line num="896" type="stmt" count="1"/>
        <line num="904" type="method" name="walkRecursive" visibility="public" complexity="1" crap="1" count="1"/>
        <line num="906" type="stmt" count="1"/>
        <metrics loc="909" ncloc="533" classes="1" methods="89" coveredmethods="89" conditionals="0" coveredconditionals="0" statements="152" coveredstatements="152" elements="241" coveredelements="241"/>
      </file>
    </package>
    <metrics files="1" loc="909" ncloc="533" classes="1" methods="89" coveredmethods="89" conditionals="0" coveredconditionals="0" statements="152" coveredstatements="152" elements="241" coveredelements="241"/>
  </project>
</coverage>
