<?xml version="1.0" encoding="UTF-8"?>
<coverage generated="1737109438">
  <project timestamp="1737109438">
    <package name="MulerTech\Collections">
      <file name="/var/www/html/src/Collection.php">
        <class name="MulerTech\Collections\Collection" namespace="MulerTech\Collections">
          <metrics complexity="88" methods="85" coveredmethods="85" conditionals="0" coveredconditionals="0" statements="137" coveredstatements="137" elements="222" coveredelements="222"/>
        </class>
        <line num="20" type="method" name="__construct" visibility="public" complexity="1" crap="1" count="84"/>
        <line num="22" type="stmt" count="84"/>
        <line num="28" type="method" name="all" visibility="public" complexity="1" crap="1" count="1"/>
        <line num="30" type="stmt" count="1"/>
        <line num="37" type="method" name="any" visibility="public" complexity="1" crap="1" count="1"/>
        <line num="39" type="stmt" count="1"/>
        <line num="46" type="method" name="arsort" visibility="public" complexity="1" crap="1" count="1"/>
        <line num="48" type="stmt" count="1"/>
        <line num="55" type="method" name="asort" visibility="public" complexity="1" crap="1" count="1"/>
        <line num="57" type="stmt" count="1"/>
        <line num="64" type="method" name="changeKeyCase" visibility="public" complexity="1" crap="1" count="1"/>
        <line num="66" type="stmt" count="1"/>
        <line num="74" type="method" name="chunk" visibility="public" complexity="2" crap="2" count="1"/>
        <line num="76" type="stmt" count="1"/>
        <line num="77" type="stmt" count="1"/>
        <line num="80" type="stmt" count="1"/>
        <line num="82" type="stmt" count="1"/>
        <line num="83" type="stmt" count="1"/>
        <line num="84" type="stmt" count="1"/>
        <line num="85" type="stmt" count="1"/>
        <line num="86" type="stmt" count="1"/>
        <line num="87" type="stmt" count="1"/>
        <line num="95" type="method" name="column" visibility="public" complexity="1" crap="1" count="1"/>
        <line num="97" type="stmt" count="1"/>
        <line num="99" type="stmt" count="1"/>
        <line num="106" type="method" name="combine" visibility="public" complexity="1" crap="1" count="1"/>
        <line num="108" type="stmt" count="1"/>
        <line num="109" type="stmt" count="1"/>
        <line num="116" type="method" name="count" visibility="public" complexity="1" crap="1" count="1"/>
        <line num="118" type="stmt" count="1"/>
        <line num="124" type="method" name="countValues" visibility="public" complexity="1" crap="1" count="1"/>
        <line num="126" type="stmt" count="1"/>
        <line num="132" type="method" name="current" visibility="public" complexity="1" crap="1" count="1"/>
        <line num="134" type="stmt" count="1"/>
        <line num="141" type="method" name="diff" visibility="public" complexity="1" crap="1" count="1"/>
        <line num="143" type="stmt" count="1"/>
        <line num="150" type="method" name="diffAssoc" visibility="public" complexity="1" crap="1" count="1"/>
        <line num="152" type="stmt" count="1"/>
        <line num="153" type="stmt" count="1"/>
        <line num="154" type="stmt" count="1"/>
        <line num="155" type="stmt" count="1"/>
        <line num="156" type="stmt" count="1"/>
        <line num="157" type="stmt" count="1"/>
        <line num="164" type="method" name="diffKey" visibility="public" complexity="1" crap="1" count="1"/>
        <line num="166" type="stmt" count="1"/>
        <line num="167" type="stmt" count="1"/>
        <line num="168" type="stmt" count="1"/>
        <line num="169" type="stmt" count="1"/>
        <line num="170" type="stmt" count="1"/>
        <line num="171" type="stmt" count="1"/>
        <line num="179" type="method" name="diffUassoc" visibility="public" complexity="1" crap="1" count="1"/>
        <line num="181" type="stmt" count="1"/>
        <line num="189" type="method" name="diffUkey" visibility="public" complexity="1" crap="1" count="1"/>
        <line num="191" type="stmt" count="1"/>
        <line num="197" type="method" name="end" visibility="public" complexity="1" crap="1" count="1"/>
        <line num="199" type="stmt" count="1"/>
        <line num="207" type="method" name="extract" visibility="public" complexity="1" crap="1" count="1"/>
        <line num="209" type="stmt" count="1"/>
        <line num="218" type="method" name="fill" visibility="public" complexity="1" crap="1" count="1"/>
        <line num="220" type="stmt" count="1"/>
        <line num="228" type="method" name="fillKeys" visibility="public" complexity="1" crap="1" count="1"/>
        <line num="230" type="stmt" count="1"/>
        <line num="238" type="method" name="filter" visibility="public" complexity="1" crap="1" count="1"/>
        <line num="240" type="stmt" count="1"/>
        <line num="247" type="method" name="find" visibility="public" complexity="1" crap="1" count="1"/>
        <line num="249" type="stmt" count="1"/>
        <line num="256" type="method" name="findKey" visibility="public" complexity="1" crap="1" count="1"/>
        <line num="258" type="stmt" count="1"/>
        <line num="264" type="method" name="flip" visibility="public" complexity="1" crap="1" count="1"/>
        <line num="266" type="stmt" count="1"/>
        <line num="274" type="method" name="inArray" visibility="public" complexity="1" crap="1" count="1"/>
        <line num="276" type="stmt" count="1"/>
        <line num="283" type="method" name="intersect" visibility="public" complexity="1" crap="1" count="1"/>
        <line num="285" type="stmt" count="1"/>
        <line num="286" type="stmt" count="1"/>
        <line num="287" type="stmt" count="1"/>
        <line num="288" type="stmt" count="1"/>
        <line num="289" type="stmt" count="1"/>
        <line num="290" type="stmt" count="1"/>
        <line num="297" type="method" name="intersectAssoc" visibility="public" complexity="1" crap="1" count="1"/>
        <line num="299" type="stmt" count="1"/>
        <line num="300" type="stmt" count="1"/>
        <line num="301" type="stmt" count="1"/>
        <line num="302" type="stmt" count="1"/>
        <line num="303" type="stmt" count="1"/>
        <line num="304" type="stmt" count="1"/>
        <line num="311" type="method" name="intersectKey" visibility="public" complexity="1" crap="1" count="1"/>
        <line num="313" type="stmt" count="1"/>
        <line num="314" type="stmt" count="1"/>
        <line num="315" type="stmt" count="1"/>
        <line num="316" type="stmt" count="1"/>
        <line num="317" type="stmt" count="1"/>
        <line num="318" type="stmt" count="1"/>
        <line num="326" type="method" name="intersectUassoc" visibility="public" complexity="1" crap="1" count="1"/>
        <line num="328" type="stmt" count="1"/>
        <line num="336" type="method" name="intersectUkey" visibility="public" complexity="1" crap="1" count="1"/>
        <line num="338" type="stmt" count="1"/>
        <line num="344" type="method" name="isList" visibility="public" complexity="1" crap="1" count="1"/>
        <line num="346" type="stmt" count="1"/>
        <line num="352" type="method" name="items" visibility="public" complexity="1" crap="1" count="60"/>
        <line num="354" type="stmt" count="60"/>
        <line num="360" type="method" name="key" visibility="public" complexity="1" crap="1" count="1"/>
        <line num="362" type="stmt" count="1"/>
        <line num="369" type="method" name="keyExists" visibility="public" complexity="1" crap="1" count="1"/>
        <line num="371" type="stmt" count="1"/>
        <line num="377" type="method" name="keyFirst" visibility="public" complexity="1" crap="1" count="1"/>
        <line num="379" type="stmt" count="1"/>
        <line num="385" type="method" name="keyLast" visibility="public" complexity="1" crap="1" count="1"/>
        <line num="387" type="stmt" count="1"/>
        <line num="395" type="method" name="keys" visibility="public" complexity="2" crap="2" count="1"/>
        <line num="397" type="stmt" count="1"/>
        <line num="398" type="stmt" count="1"/>
        <line num="401" type="stmt" count="1"/>
        <line num="408" type="method" name="krsort" visibility="public" complexity="1" crap="1" count="1"/>
        <line num="410" type="stmt" count="1"/>
        <line num="417" type="method" name="ksort" visibility="public" complexity="1" crap="1" count="1"/>
        <line num="419" type="stmt" count="1"/>
        <line num="427" type="method" name="map" visibility="public" complexity="1" crap="1" count="1"/>
        <line num="429" type="stmt" count="1"/>
        <line num="430" type="stmt" count="1"/>
        <line num="431" type="stmt" count="1"/>
        <line num="432" type="stmt" count="1"/>
        <line num="433" type="stmt" count="1"/>
        <line num="440" type="method" name="merge" visibility="public" complexity="1" crap="1" count="1"/>
        <line num="442" type="stmt" count="1"/>
        <line num="449" type="method" name="mergeRecursive" visibility="public" complexity="1" crap="1" count="1"/>
        <line num="451" type="stmt" count="1"/>
        <line num="452" type="stmt" count="1"/>
        <line num="453" type="stmt" count="1"/>
        <line num="454" type="stmt" count="1"/>
        <line num="463" type="method" name="multisort" visibility="public" complexity="1" crap="1" count="1"/>
        <line num="465" type="stmt" count="1"/>
        <line num="471" type="method" name="natcasesort" visibility="public" complexity="1" crap="1" count="1"/>
        <line num="473" type="stmt" count="1"/>
        <line num="479" type="method" name="natsort" visibility="public" complexity="1" crap="1" count="1"/>
        <line num="481" type="stmt" count="1"/>
        <line num="487" type="method" name="next" visibility="public" complexity="1" crap="1" count="3"/>
        <line num="489" type="stmt" count="3"/>
        <line num="496" type="method" name="offsetExists" visibility="public" complexity="1" crap="1" count="1"/>
        <line num="498" type="stmt" count="1"/>
        <line num="505" type="method" name="offsetGet" visibility="public" complexity="1" crap="1" count="1"/>
        <line num="507" type="stmt" count="1"/>
        <line num="515" type="method" name="offsetSet" visibility="public" complexity="2" crap="2" count="1"/>
        <line num="517" type="stmt" count="1"/>
        <line num="518" type="stmt" count="1"/>
        <line num="520" type="stmt" count="1"/>
        <line num="528" type="method" name="offsetUnset" visibility="public" complexity="1" crap="1" count="1"/>
        <line num="530" type="stmt" count="1"/>
        <line num="538" type="method" name="pad" visibility="public" complexity="1" crap="1" count="1"/>
        <line num="540" type="stmt" count="1"/>
        <line num="546" type="method" name="pop" visibility="public" complexity="1" crap="1" count="1"/>
        <line num="548" type="stmt" count="1"/>
        <line num="554" type="method" name="prev" visibility="public" complexity="1" crap="1" count="1"/>
        <line num="556" type="stmt" count="1"/>
        <line num="562" type="method" name="product" visibility="public" complexity="1" crap="1" count="1"/>
        <line num="564" type="stmt" count="1"/>
        <line num="571" type="method" name="push" visibility="public" complexity="1" crap="1" count="1"/>
        <line num="573" type="stmt" count="1"/>
        <line num="580" type="method" name="rand" visibility="public" complexity="1" crap="1" count="1"/>
        <line num="582" type="stmt" count="1"/>
        <line num="591" type="method" name="range" visibility="public" complexity="1" crap="1" count="1"/>
        <line num="593" type="stmt" count="1"/>
        <line num="601" type="method" name="reduce" visibility="public" complexity="1" crap="1" count="1"/>
        <line num="603" type="stmt" count="1"/>
        <line num="610" type="method" name="replace" visibility="public" complexity="1" crap="1" count="1"/>
        <line num="612" type="stmt" count="1"/>
        <line num="613" type="stmt" count="1"/>
        <line num="614" type="stmt" count="1"/>
        <line num="615" type="stmt" count="1"/>
        <line num="622" type="method" name="replaceRecursive" visibility="public" complexity="1" crap="1" count="1"/>
        <line num="624" type="stmt" count="1"/>
        <line num="625" type="stmt" count="1"/>
        <line num="626" type="stmt" count="1"/>
        <line num="627" type="stmt" count="1"/>
        <line num="633" type="method" name="reset" visibility="public" complexity="1" crap="1" count="1"/>
        <line num="635" type="stmt" count="1"/>
        <line num="642" type="method" name="reverse" visibility="public" complexity="1" crap="1" count="1"/>
        <line num="644" type="stmt" count="1"/>
        <line num="651" type="method" name="rsort" visibility="public" complexity="1" crap="1" count="1"/>
        <line num="653" type="stmt" count="1"/>
        <line num="661" type="method" name="search" visibility="public" complexity="1" crap="1" count="1"/>
        <line num="663" type="stmt" count="1"/>
        <line num="669" type="method" name="shift" visibility="public" complexity="1" crap="1" count="1"/>
        <line num="671" type="stmt" count="1"/>
        <line num="677" type="method" name="shuffle" visibility="public" complexity="1" crap="1" count="1"/>
        <line num="679" type="stmt" count="1"/>
        <line num="688" type="method" name="slice" visibility="public" complexity="1" crap="1" count="1"/>
        <line num="690" type="stmt" count="1"/>
        <line num="697" type="method" name="sort" visibility="public" complexity="1" crap="1" count="1"/>
        <line num="699" type="stmt" count="1"/>
        <line num="708" type="method" name="splice" visibility="public" complexity="1" crap="1" count="1"/>
        <line num="710" type="stmt" count="1"/>
        <line num="716" type="method" name="sum" visibility="public" complexity="1" crap="1" count="1"/>
        <line num="718" type="stmt" count="1"/>
        <line num="725" type="method" name="uasort" visibility="public" complexity="1" crap="1" count="1"/>
        <line num="727" type="stmt" count="1"/>
        <line num="735" type="method" name="udiff" visibility="public" complexity="1" crap="1" count="1"/>
        <line num="737" type="stmt" count="1"/>
        <line num="745" type="method" name="udiffAssoc" visibility="public" complexity="1" crap="1" count="1"/>
        <line num="747" type="stmt" count="1"/>
        <line num="756" type="method" name="udiffUassoc" visibility="public" complexity="1" crap="1" count="1"/>
        <line num="758" type="stmt" count="1"/>
        <line num="766" type="method" name="uintersect" visibility="public" complexity="1" crap="1" count="1"/>
        <line num="768" type="stmt" count="1"/>
        <line num="776" type="method" name="uintersectAssoc" visibility="public" complexity="1" crap="1" count="1"/>
        <line num="778" type="stmt" count="1"/>
        <line num="787" type="method" name="uintersectUassoc" visibility="public" complexity="1" crap="1" count="1"/>
        <line num="789" type="stmt" count="1"/>
        <line num="796" type="method" name="uksort" visibility="public" complexity="1" crap="1" count="1"/>
        <line num="798" type="stmt" count="1"/>
        <line num="805" type="method" name="unique" visibility="public" complexity="1" crap="1" count="1"/>
        <line num="807" type="stmt" count="1"/>
        <line num="814" type="method" name="unshift" visibility="public" complexity="1" crap="1" count="1"/>
        <line num="816" type="stmt" count="1"/>
        <line num="823" type="method" name="usort" visibility="public" complexity="1" crap="1" count="1"/>
        <line num="825" type="stmt" count="1"/>
        <line num="831" type="method" name="values" visibility="public" complexity="1" crap="1" count="1"/>
        <line num="833" type="stmt" count="1"/>
        <line num="841" type="method" name="walk" visibility="public" complexity="1" crap="1" count="1"/>
        <line num="843" type="stmt" count="1"/>
        <line num="851" type="method" name="walkRecursive" visibility="public" complexity="1" crap="1" count="1"/>
        <line num="853" type="stmt" count="1"/>
        <metrics loc="856" ncloc="493" classes="1" methods="85" coveredmethods="85" conditionals="0" coveredconditionals="0" statements="137" coveredstatements="137" elements="222" coveredelements="222"/>
      </file>
    </package>
    <metrics files="1" loc="856" ncloc="493" classes="1" methods="85" coveredmethods="85" conditionals="0" coveredconditionals="0" statements="137" coveredstatements="137" elements="222" coveredelements="222"/>
  </project>
</coverage>
